2023-12-23 16:39:00,550 - base_logger - INFO - Strategy Name: None
RMSE (Validation): 58472537.30001658, RMSE (Test): 44984464.99431769, Top Features: ([array([275.395, 272.175, 249.357, ..., 149.237, 168.196, 400.22 ]), array([1., 2., 1., ..., 1., 4., 6.])], array([2.20e-01, 3.00e-01, 3.80e-01, ..., 1.01e+05, 3.00e+05, 1.00e+08]))
2023-12-23 16:40:25,700 - base_logger - INFO - Strategy Name: None
RMSE (Validation): 58472537.30001658, RMSE (Test): 44984464.99431769, Top Features: ([array([275.395, 272.175, 249.357, ..., 149.237, 168.196, 400.22 ]), array([1., 2., 1., ..., 1., 4., 6.])], array([2.20e-01, 3.00e-01, 3.80e-01, ..., 1.01e+05, 3.00e+05, 1.00e+08]))
2023-12-23 16:40:28,328 - base_logger - INFO - Strategy Name: None
RMSE Scores: [44136689.942455165, 39467206.56958312, 55498481.53615145, 50559406.62372104, 52349485.291297786], Top Features: [([array([199.297, 275.395, 272.175, ..., 149.237, 168.196, 182.223]), array([1., 1., 2., ..., 1., 4., 4.])], array([5.00e-02, 2.20e-01, 3.00e-01, ..., 1.01e+05, 3.00e+05, 3.00e+05])), ([array([275.395, 272.175, 249.357, ..., 525.737, 149.237, 400.22 ]), array([1., 2., 1., ..., 5., 1., 6.])], array([2.20e-01, 3.00e-01, 3.80e-01, ..., 1.00e+05, 1.01e+05, 1.00e+08])), ([array([199.297, 272.175, 249.357, ..., 168.196, 182.223, 400.22 ]), array([1., 2., 1., ..., 4., 4., 6.])], array([5.0e-02, 3.0e-01, 3.8e-01, ..., 3.0e+05, 3.0e+05, 1.0e+08])), ([array([199.297, 275.395, 249.357, ..., 168.196, 182.223, 400.22 ]), array([1., 1., 1., ..., 4., 4., 6.])], array([5.0e-02, 2.2e-01, 4.0e-01, ..., 3.0e+05, 3.0e+05, 1.0e+08])), ([array([199.297, 275.395, 272.175, ..., 168.196, 182.223, 400.22 ]), array([1., 1., 2., ..., 4., 4., 6.])], array([5.0e-02, 2.2e-01, 3.0e-01, ..., 3.0e+05, 3.0e+05, 1.0e+08]))]
2023-12-23 16:40:38,930 - base_logger - INFO - Strategy Name: None
RMSE (Validation): 58067823.41615357, RMSE (Test): 41395560.274800874, Top Features: (array([[275.395,   1.   ],
       [272.175,   2.   ],
       [249.357,   1.   ],
       ...,
       [149.237,   1.   ],
       [168.196,   4.   ],
       [400.22 ,   6.   ]]), array([2.20e-01, 3.00e-01, 3.80e-01, ..., 1.01e+05, 3.00e+05, 1.00e+08]))
2023-12-23 16:42:25,035 - base_logger - INFO - Strategy Name: None
RMSE Scores: [35783550.886908814, 26748111.52690452, 56324959.08709726, 47281216.851363696, 51680502.30114348], Top Features: [(array([[199.297,   1.   ],
       [275.395,   1.   ],
       [272.175,   2.   ],
       ...,
       [149.237,   1.   ],
       [168.196,   4.   ],
       [182.223,   4.   ]]), array([5.00e-02, 2.20e-01, 3.00e-01, ..., 1.01e+05, 3.00e+05, 3.00e+05])), (array([[275.395,   1.   ],
       [272.175,   2.   ],
       [249.357,   1.   ],
       ...,
       [525.737,   5.   ],
       [149.237,   1.   ],
       [400.22 ,   6.   ]]), array([2.20e-01, 3.00e-01, 3.80e-01, ..., 1.00e+05, 1.01e+05, 1.00e+08])), (array([[199.297,   1.   ],
       [272.175,   2.   ],
       [249.357,   1.   ],
       ...,
       [168.196,   4.   ],
       [182.223,   4.   ],
       [400.22 ,   6.   ]]), array([5.0e-02, 3.0e-01, 3.8e-01, ..., 3.0e+05, 3.0e+05, 1.0e+08])), (array([[199.297,   1.   ],
       [275.395,   1.   ],
       [249.357,   1.   ],
       ...,
       [168.196,   4.   ],
       [182.223,   4.   ],
       [400.22 ,   6.   ]]), array([5.0e-02, 2.2e-01, 4.0e-01, ..., 3.0e+05, 3.0e+05, 1.0e+08])), (array([[199.297,   1.   ],
       [275.395,   1.   ],
       [272.175,   2.   ],
       ...,
       [168.196,   4.   ],
       [182.223,   4.   ],
       [400.22 ,   6.   ]]), array([5.0e-02, 2.2e-01, 3.0e-01, ..., 3.0e+05, 3.0e+05, 1.0e+08]))]
2023-12-23 16:54:43,623 - base_logger - INFO - Strategy Name: CustomFoldStrategy
RMSE (Validation): 58472537.30001658, RMSE (Test): 44984464.99431769, Top Features: ([array([275.395, 272.175, 249.357, ..., 149.237, 168.196, 400.22 ]), array([1., 2., 1., ..., 1., 4., 6.])], array([2.20e-01, 3.00e-01, 3.80e-01, ..., 1.01e+05, 3.00e+05, 1.00e+08]))
==================================================

2023-12-23 16:54:47,467 - base_logger - INFO - Strategy Name: CrossValidationStrategy
RMSE Scores: [44136689.942455165, 39467206.56958312, 55498481.53615145, 50559406.62372104, 52349485.291297786], Top Features: [([array([199.297, 275.395, 272.175, ..., 149.237, 168.196, 182.223]), array([1., 1., 2., ..., 1., 4., 4.])], array([5.00e-02, 2.20e-01, 3.00e-01, ..., 1.01e+05, 3.00e+05, 3.00e+05])), ([array([275.395, 272.175, 249.357, ..., 525.737, 149.237, 400.22 ]), array([1., 2., 1., ..., 5., 1., 6.])], array([2.20e-01, 3.00e-01, 3.80e-01, ..., 1.00e+05, 1.01e+05, 1.00e+08])), ([array([199.297, 272.175, 249.357, ..., 168.196, 182.223, 400.22 ]), array([1., 2., 1., ..., 4., 4., 6.])], array([5.0e-02, 3.0e-01, 3.8e-01, ..., 3.0e+05, 3.0e+05, 1.0e+08])), ([array([199.297, 275.395, 249.357, ..., 168.196, 182.223, 400.22 ]), array([1., 1., 1., ..., 4., 4., 6.])], array([5.0e-02, 2.2e-01, 4.0e-01, ..., 3.0e+05, 3.0e+05, 1.0e+08])), ([array([199.297, 275.395, 272.175, ..., 168.196, 182.223, 400.22 ]), array([1., 1., 2., ..., 4., 4., 6.])], array([5.0e-02, 2.2e-01, 3.0e-01, ..., 3.0e+05, 3.0e+05, 1.0e+08]))]
==================================================

2023-12-23 16:54:59,154 - base_logger - INFO - Strategy Name: CustomFoldStrategy
RMSE (Validation): 58067823.41615357, RMSE (Test): 41395560.274800874, Top Features: (array([[275.395,   1.   ],
       [272.175,   2.   ],
       [249.357,   1.   ],
       ...,
       [149.237,   1.   ],
       [168.196,   4.   ],
       [400.22 ,   6.   ]]), array([2.20e-01, 3.00e-01, 3.80e-01, ..., 1.01e+05, 3.00e+05, 1.00e+08]))
==================================================

2023-12-23 16:56:44,895 - base_logger - INFO - Strategy Name: RandomForestRegressor(random_state=42) CustomFoldStrategy
RMSE (Validation): 58472537.30001658, RMSE (Test): 44984464.99431769, Top Features: ([array([275.395, 272.175, 249.357, ..., 149.237, 168.196, 400.22 ]), array([1., 2., 1., ..., 1., 4., 6.])], array([2.20e-01, 3.00e-01, 3.80e-01, ..., 1.01e+05, 3.00e+05, 1.00e+08]))
==================================================

2023-12-23 16:56:48,585 - base_logger - INFO - Strategy Name: RandomForestRegressor(random_state=42) CrossValidationStrategy
RMSE Scores: [44136689.942455165, 39467206.56958312, 55498481.53615145, 50559406.62372104, 52349485.291297786], Top Features: [([array([199.297, 275.395, 272.175, ..., 149.237, 168.196, 182.223]), array([1., 1., 2., ..., 1., 4., 4.])], array([5.00e-02, 2.20e-01, 3.00e-01, ..., 1.01e+05, 3.00e+05, 3.00e+05])), ([array([275.395, 272.175, 249.357, ..., 525.737, 149.237, 400.22 ]), array([1., 2., 1., ..., 5., 1., 6.])], array([2.20e-01, 3.00e-01, 3.80e-01, ..., 1.00e+05, 1.01e+05, 1.00e+08])), ([array([199.297, 272.175, 249.357, ..., 168.196, 182.223, 400.22 ]), array([1., 2., 1., ..., 4., 4., 6.])], array([5.0e-02, 3.0e-01, 3.8e-01, ..., 3.0e+05, 3.0e+05, 1.0e+08])), ([array([199.297, 275.395, 249.357, ..., 168.196, 182.223, 400.22 ]), array([1., 1., 1., ..., 4., 4., 6.])], array([5.0e-02, 2.2e-01, 4.0e-01, ..., 3.0e+05, 3.0e+05, 1.0e+08])), ([array([199.297, 275.395, 272.175, ..., 168.196, 182.223, 400.22 ]), array([1., 1., 2., ..., 4., 4., 6.])], array([5.0e-02, 2.2e-01, 3.0e-01, ..., 3.0e+05, 3.0e+05, 1.0e+08]))]
==================================================

2023-12-23 16:57:00,321 - base_logger - INFO - Strategy Name: SVR() CustomFoldStrategy
RMSE (Validation): 58067823.41615357, RMSE (Test): 41395560.274800874, Top Features: (array([[275.395,   1.   ],
       [272.175,   2.   ],
       [249.357,   1.   ],
       ...,
       [149.237,   1.   ],
       [168.196,   4.   ],
       [400.22 ,   6.   ]]), array([2.20e-01, 3.00e-01, 3.80e-01, ..., 1.01e+05, 3.00e+05, 1.00e+08]))
==================================================

2023-12-23 16:58:52,669 - base_logger - INFO - Strategy Name: SVR() CrossValidationStrategy
RMSE Scores: [35783550.886908814, 26748111.52690452, 56324959.08709726, 47281216.851363696, 51680502.30114348], Top Features: [(array([[199.297,   1.   ],
       [275.395,   1.   ],
       [272.175,   2.   ],
       ...,
       [149.237,   1.   ],
       [168.196,   4.   ],
       [182.223,   4.   ]]), array([5.00e-02, 2.20e-01, 3.00e-01, ..., 1.01e+05, 3.00e+05, 3.00e+05])), (array([[275.395,   1.   ],
       [272.175,   2.   ],
       [249.357,   1.   ],
       ...,
       [525.737,   5.   ],
       [149.237,   1.   ],
       [400.22 ,   6.   ]]), array([2.20e-01, 3.00e-01, 3.80e-01, ..., 1.00e+05, 1.01e+05, 1.00e+08])), (array([[199.297,   1.   ],
       [272.175,   2.   ],
       [249.357,   1.   ],
       ...,
       [168.196,   4.   ],
       [182.223,   4.   ],
       [400.22 ,   6.   ]]), array([5.0e-02, 3.0e-01, 3.8e-01, ..., 3.0e+05, 3.0e+05, 1.0e+08])), (array([[199.297,   1.   ],
       [275.395,   1.   ],
       [249.357,   1.   ],
       ...,
       [168.196,   4.   ],
       [182.223,   4.   ],
       [400.22 ,   6.   ]]), array([5.0e-02, 2.2e-01, 4.0e-01, ..., 3.0e+05, 3.0e+05, 1.0e+08])), (array([[199.297,   1.   ],
       [275.395,   1.   ],
       [272.175,   2.   ],
       ...,
       [168.196,   4.   ],
       [182.223,   4.   ],
       [400.22 ,   6.   ]]), array([5.0e-02, 2.2e-01, 3.0e-01, ..., 3.0e+05, 3.0e+05, 1.0e+08]))]
==================================================

2023-12-23 16:59:52,315 - base_logger - INFO - Strategy Name: RandomForestRegressor(random_state=42) CustomFoldStrategy
RMSE (Validation): 58472537.30001658, RMSE (Test): 44984464.99431769, Top Features: ([array([275.395, 272.175, 249.357, ..., 149.237, 168.196, 400.22 ]), array([1., 2., 1., ..., 1., 4., 6.])], array([2.20e-01, 3.00e-01, 3.80e-01, ..., 1.01e+05, 3.00e+05, 1.00e+08]))
==================================================

2023-12-23 16:59:56,775 - base_logger - INFO - Strategy Name: RandomForestRegressor(random_state=42) CrossValidationStrategy
RMSE Scores: [44136689.942455165, 39467206.56958312, 55498481.53615145, 50559406.62372104, 52349485.291297786], Top Features: [([array([199.297, 275.395, 272.175, ..., 149.237, 168.196, 182.223]), array([1., 1., 2., ..., 1., 4., 4.])], array([5.00e-02, 2.20e-01, 3.00e-01, ..., 1.01e+05, 3.00e+05, 3.00e+05])), ([array([275.395, 272.175, 249.357, ..., 525.737, 149.237, 400.22 ]), array([1., 2., 1., ..., 5., 1., 6.])], array([2.20e-01, 3.00e-01, 3.80e-01, ..., 1.00e+05, 1.01e+05, 1.00e+08])), ([array([199.297, 272.175, 249.357, ..., 168.196, 182.223, 400.22 ]), array([1., 2., 1., ..., 4., 4., 6.])], array([5.0e-02, 3.0e-01, 3.8e-01, ..., 3.0e+05, 3.0e+05, 1.0e+08])), ([array([199.297, 275.395, 249.357, ..., 168.196, 182.223, 400.22 ]), array([1., 1., 1., ..., 4., 4., 6.])], array([5.0e-02, 2.2e-01, 4.0e-01, ..., 3.0e+05, 3.0e+05, 1.0e+08])), ([array([199.297, 275.395, 272.175, ..., 168.196, 182.223, 400.22 ]), array([1., 1., 2., ..., 4., 4., 6.])], array([5.0e-02, 2.2e-01, 3.0e-01, ..., 3.0e+05, 3.0e+05, 1.0e+08]))]
==================================================

2023-12-23 17:00:16,257 - base_logger - INFO - Strategy Name: SVR() CustomFoldStrategy
RMSE (Validation): 58067823.41615357, RMSE (Test): 41395560.274800874, Top Features: (array([[275.395,   1.   ],
       [272.175,   2.   ],
       [249.357,   1.   ],
       ...,
       [149.237,   1.   ],
       [168.196,   4.   ],
       [400.22 ,   6.   ]]), array([2.20e-01, 3.00e-01, 3.80e-01, ..., 1.01e+05, 3.00e+05, 1.00e+08]))
==================================================

2023-12-23 17:04:36,779 - base_logger - INFO - Strategy Name: SVR() CrossValidationStrategy
RMSE Scores: [35783550.886908814, 26748111.52690452, 56324959.08709726, 47281216.851363696, 51680502.30114348], Top Features: [(array([[199.297,   1.   ],
       [275.395,   1.   ],
       [272.175,   2.   ],
       ...,
       [149.237,   1.   ],
       [168.196,   4.   ],
       [182.223,   4.   ]]), array([5.00e-02, 2.20e-01, 3.00e-01, ..., 1.01e+05, 3.00e+05, 3.00e+05])), (array([[275.395,   1.   ],
       [272.175,   2.   ],
       [249.357,   1.   ],
       ...,
       [525.737,   5.   ],
       [149.237,   1.   ],
       [400.22 ,   6.   ]]), array([2.20e-01, 3.00e-01, 3.80e-01, ..., 1.00e+05, 1.01e+05, 1.00e+08])), (array([[199.297,   1.   ],
       [272.175,   2.   ],
       [249.357,   1.   ],
       ...,
       [168.196,   4.   ],
       [182.223,   4.   ],
       [400.22 ,   6.   ]]), array([5.0e-02, 3.0e-01, 3.8e-01, ..., 3.0e+05, 3.0e+05, 1.0e+08])), (array([[199.297,   1.   ],
       [275.395,   1.   ],
       [249.357,   1.   ],
       ...,
       [168.196,   4.   ],
       [182.223,   4.   ],
       [400.22 ,   6.   ]]), array([5.0e-02, 2.2e-01, 4.0e-01, ..., 3.0e+05, 3.0e+05, 1.0e+08])), (array([[199.297,   1.   ],
       [275.395,   1.   ],
       [272.175,   2.   ],
       ...,
       [168.196,   4.   ],
       [182.223,   4.   ],
       [400.22 ,   6.   ]]), array([5.0e-02, 2.2e-01, 3.0e-01, ..., 3.0e+05, 3.0e+05, 1.0e+08]))]
==================================================

